
*** Running vivado
    with args -log system2.vds -m64 -product Vivado -mode batch -messageDb vivado.pb -notrace -source system2.tcl



****** Vivado v2022.1 (64-bit)
  **** SW Build 3526262 on Mon Apr 18 15:48:16 MDT 2022
  **** IP Build 3524634 on Mon Apr 18 20:55:01 MDT 2022
    ** Copyright 1986-2022 Xilinx, Inc. All Rights Reserved.

source system2.tcl -notrace
Command: synth_design -top system2 -part xc7a35tcpg236-1
Starting synth_design
Attempting to get a license for feature 'Synthesis' and/or device 'xc7a35t'
INFO: [Common 17-349] Got license for feature 'Synthesis' and/or device 'xc7a35t'
INFO: [Device 21-403] Loading part xc7a35tcpg236-1
INFO: [Synth 8-7079] Multithreading enabled for synth_design using a maximum of 2 processes.
INFO: [Synth 8-7078] Launching helper process for spawning children vivado processes
INFO: [Synth 8-7075] Helper process launched with PID 2256
WARNING: [Synth 8-9971] redeclaration of ansi port 'clkDiv' is not allowed [D:/Program_Files/CHULA/Y3TERM1/HW_Lab/HW-SYN-LAB-FINAL-PROJECT-2022/Final_Project/Final_Project.srcs/sources_1/imports/sources_1/imports/new/clockDiv.v:28]
WARNING: [Synth 8-9449] extra semicolon is not allowed here in this dialect. Use SystemVerilog mode [D:/Program_Files/CHULA/Y3TERM1/HW_Lab/HW-SYN-LAB-FINAL-PROJECT-2022/Final_Project/Final_Project.srcs/sources_1/imports/sources_1/imports/new/clockDiv.v:33]
WARNING: [Synth 8-9449] extra semicolon is not allowed here in this dialect. Use SystemVerilog mode [D:/Program_Files/CHULA/Y3TERM1/HW_Lab/HW-SYN-LAB-FINAL-PROJECT-2022/Final_Project/Final_Project.srcs/sources_1/imports/sources_1/imports/new/clockDiv.v:38]
WARNING: [Synth 8-9971] redeclaration of ansi port 'segment' is not allowed [D:/Program_Files/CHULA/Y3TERM1/HW_Lab/HW-SYN-LAB-FINAL-PROJECT-2022/Final_Project/Final_Project.srcs/sources_1/imports/sources_1/imports/new/hexTo7Segment.v:28]
WARNING: [Synth 8-6901] identifier 'm3' is used before its declaration [D:/Program_Files/CHULA/Y3TERM1/HW_Lab/HW-SYN-LAB-FINAL-PROJECT-2022/Final_Project/Final_Project.srcs/sources_1/new/system2.v:75]
WARNING: [Synth 8-6901] identifier 'm2' is used before its declaration [D:/Program_Files/CHULA/Y3TERM1/HW_Lab/HW-SYN-LAB-FINAL-PROJECT-2022/Final_Project/Final_Project.srcs/sources_1/new/system2.v:75]
WARNING: [Synth 8-6901] identifier 'm1' is used before its declaration [D:/Program_Files/CHULA/Y3TERM1/HW_Lab/HW-SYN-LAB-FINAL-PROJECT-2022/Final_Project/Final_Project.srcs/sources_1/new/system2.v:75]
WARNING: [Synth 8-6901] identifier 'm0' is used before its declaration [D:/Program_Files/CHULA/Y3TERM1/HW_Lab/HW-SYN-LAB-FINAL-PROJECT-2022/Final_Project/Final_Project.srcs/sources_1/new/system2.v:75]
WARNING: [Synth 8-6901] identifier 'write3' is used before its declaration [D:/Program_Files/CHULA/Y3TERM1/HW_Lab/HW-SYN-LAB-FINAL-PROJECT-2022/Final_Project/Final_Project.srcs/sources_1/new/system2.v:96]
WARNING: [Synth 8-6901] identifier 'write2' is used before its declaration [D:/Program_Files/CHULA/Y3TERM1/HW_Lab/HW-SYN-LAB-FINAL-PROJECT-2022/Final_Project/Final_Project.srcs/sources_1/new/system2.v:96]
WARNING: [Synth 8-6901] identifier 'write1' is used before its declaration [D:/Program_Files/CHULA/Y3TERM1/HW_Lab/HW-SYN-LAB-FINAL-PROJECT-2022/Final_Project/Final_Project.srcs/sources_1/new/system2.v:96]
WARNING: [Synth 8-6901] identifier 'write0' is used before its declaration [D:/Program_Files/CHULA/Y3TERM1/HW_Lab/HW-SYN-LAB-FINAL-PROJECT-2022/Final_Project/Final_Project.srcs/sources_1/new/system2.v:96]
---------------------------------------------------------------------------------
Starting RTL Elaboration : Time (s): cpu = 00:00:05 ; elapsed = 00:00:05 . Memory (MB): peak = 1293.914 ; gain = 0.000
---------------------------------------------------------------------------------
INFO: [Synth 8-6157] synthesizing module 'system2' [D:/Program_Files/CHULA/Y3TERM1/HW_Lab/HW-SYN-LAB-FINAL-PROJECT-2022/Final_Project/Final_Project.srcs/sources_1/new/system2.v:23]
INFO: [Synth 8-6157] synthesizing module 'clockDiv' [D:/Program_Files/CHULA/Y3TERM1/HW_Lab/HW-SYN-LAB-FINAL-PROJECT-2022/Final_Project/Final_Project.srcs/sources_1/imports/sources_1/imports/new/clockDiv.v:23]
INFO: [Synth 8-6155] done synthesizing module 'clockDiv' (0#1) [D:/Program_Files/CHULA/Y3TERM1/HW_Lab/HW-SYN-LAB-FINAL-PROJECT-2022/Final_Project/Final_Project.srcs/sources_1/imports/sources_1/imports/new/clockDiv.v:23]
INFO: [Synth 8-6157] synthesizing module 'baudrate_gen' [D:/Program_Files/CHULA/Y3TERM1/HW_Lab/HW-SYN-LAB-FINAL-PROJECT-2022/Final_Project/Final_Project.srcs/sources_1/imports/sources_1/baudrate_gen.v:23]
INFO: [Synth 8-6155] done synthesizing module 'baudrate_gen' (0#1) [D:/Program_Files/CHULA/Y3TERM1/HW_Lab/HW-SYN-LAB-FINAL-PROJECT-2022/Final_Project/Final_Project.srcs/sources_1/imports/sources_1/baudrate_gen.v:23]
INFO: [Synth 8-6157] synthesizing module 'uart_rx' [D:/Program_Files/CHULA/Y3TERM1/HW_Lab/HW-SYN-LAB-FINAL-PROJECT-2022/Final_Project/Final_Project.srcs/sources_1/imports/sources_1/uart_rx.v:22]
INFO: [Synth 8-155] case statement is not full and has no default [D:/Program_Files/CHULA/Y3TERM1/HW_Lab/HW-SYN-LAB-FINAL-PROJECT-2022/Final_Project/Final_Project.srcs/sources_1/imports/sources_1/uart_rx.v:45]
INFO: [Synth 8-6155] done synthesizing module 'uart_rx' (0#1) [D:/Program_Files/CHULA/Y3TERM1/HW_Lab/HW-SYN-LAB-FINAL-PROJECT-2022/Final_Project/Final_Project.srcs/sources_1/imports/sources_1/uart_rx.v:22]
INFO: [Synth 8-6157] synthesizing module 'uart_tx' [D:/Program_Files/CHULA/Y3TERM1/HW_Lab/HW-SYN-LAB-FINAL-PROJECT-2022/Final_Project/Final_Project.srcs/sources_1/imports/sources_1/uart_tx.v:22]
INFO: [Synth 8-155] case statement is not full and has no default [D:/Program_Files/CHULA/Y3TERM1/HW_Lab/HW-SYN-LAB-FINAL-PROJECT-2022/Final_Project/Final_Project.srcs/sources_1/imports/sources_1/uart_tx.v:48]
INFO: [Synth 8-6155] done synthesizing module 'uart_tx' (0#1) [D:/Program_Files/CHULA/Y3TERM1/HW_Lab/HW-SYN-LAB-FINAL-PROJECT-2022/Final_Project/Final_Project.srcs/sources_1/imports/sources_1/uart_tx.v:22]
INFO: [Synth 8-6157] synthesizing module 'singlePulser' [D:/Program_Files/CHULA/Y3TERM1/HW_Lab/HW-SYN-LAB-FINAL-PROJECT-2022/Final_Project/Final_Project.srcs/sources_1/imports/sources_1/singlePulser.v:23]
INFO: [Synth 8-6155] done synthesizing module 'singlePulser' (0#1) [D:/Program_Files/CHULA/Y3TERM1/HW_Lab/HW-SYN-LAB-FINAL-PROJECT-2022/Final_Project/Final_Project.srcs/sources_1/imports/sources_1/singlePulser.v:23]
INFO: [Synth 8-6157] synthesizing module 'strToInt' [D:/Program_Files/CHULA/Y3TERM1/HW_Lab/HW-SYN-LAB-FINAL-PROJECT-2022/Final_Project/Final_Project.srcs/sources_1/new/strToInt.v:23]
INFO: [Synth 8-6157] synthesizing module 'charToInt' [D:/Program_Files/CHULA/Y3TERM1/HW_Lab/HW-SYN-LAB-FINAL-PROJECT-2022/Final_Project/Final_Project.srcs/sources_1/new/strToInt.v:41]
INFO: [Synth 8-155] case statement is not full and has no default [D:/Program_Files/CHULA/Y3TERM1/HW_Lab/HW-SYN-LAB-FINAL-PROJECT-2022/Final_Project/Final_Project.srcs/sources_1/new/strToInt.v:43]
INFO: [Synth 8-6155] done synthesizing module 'charToInt' (0#1) [D:/Program_Files/CHULA/Y3TERM1/HW_Lab/HW-SYN-LAB-FINAL-PROJECT-2022/Final_Project/Final_Project.srcs/sources_1/new/strToInt.v:41]
INFO: [Synth 8-6155] done synthesizing module 'strToInt' (0#1) [D:/Program_Files/CHULA/Y3TERM1/HW_Lab/HW-SYN-LAB-FINAL-PROJECT-2022/Final_Project/Final_Project.srcs/sources_1/new/strToInt.v:23]
INFO: [Synth 8-6157] synthesizing module 'intCalculator' [D:/Program_Files/CHULA/Y3TERM1/HW_Lab/HW-SYN-LAB-FINAL-PROJECT-2022/Final_Project/Final_Project.srcs/sources_1/new/intCalculator.v:23]
INFO: [Synth 8-6157] synthesizing module 'alu' [D:/Program_Files/CHULA/Y3TERM1/HW_Lab/HW-SYN-LAB-FINAL-PROJECT-2022/Final_Project/Final_Project.srcs/sources_1/new/intCalculator.v:49]
INFO: [Synth 8-155] case statement is not full and has no default [D:/Program_Files/CHULA/Y3TERM1/HW_Lab/HW-SYN-LAB-FINAL-PROJECT-2022/Final_Project/Final_Project.srcs/sources_1/new/intCalculator.v:58]
INFO: [Synth 8-6155] done synthesizing module 'alu' (0#1) [D:/Program_Files/CHULA/Y3TERM1/HW_Lab/HW-SYN-LAB-FINAL-PROJECT-2022/Final_Project/Final_Project.srcs/sources_1/new/intCalculator.v:49]
INFO: [Synth 8-6155] done synthesizing module 'intCalculator' (0#1) [D:/Program_Files/CHULA/Y3TERM1/HW_Lab/HW-SYN-LAB-FINAL-PROJECT-2022/Final_Project/Final_Project.srcs/sources_1/new/intCalculator.v:23]
INFO: [Synth 8-6157] synthesizing module 'round' [D:/Program_Files/CHULA/Y3TERM1/HW_Lab/HW-SYN-LAB-FINAL-PROJECT-2022/Final_Project/Final_Project.srcs/sources_1/imports/sources_1/new/round.v:1]
INFO: [Synth 8-6155] done synthesizing module 'round' (0#1) [D:/Program_Files/CHULA/Y3TERM1/HW_Lab/HW-SYN-LAB-FINAL-PROJECT-2022/Final_Project/Final_Project.srcs/sources_1/imports/sources_1/new/round.v:1]
WARNING: [Synth 8-689] width (4) of port connection 'rounded3' does not match port width (32) of module 'round' [D:/Program_Files/CHULA/Y3TERM1/HW_Lab/HW-SYN-LAB-FINAL-PROJECT-2022/Final_Project/Final_Project.srcs/sources_1/new/system2.v:101]
WARNING: [Synth 8-689] width (4) of port connection 'rounded2' does not match port width (32) of module 'round' [D:/Program_Files/CHULA/Y3TERM1/HW_Lab/HW-SYN-LAB-FINAL-PROJECT-2022/Final_Project/Final_Project.srcs/sources_1/new/system2.v:101]
WARNING: [Synth 8-689] width (4) of port connection 'rounded1' does not match port width (32) of module 'round' [D:/Program_Files/CHULA/Y3TERM1/HW_Lab/HW-SYN-LAB-FINAL-PROJECT-2022/Final_Project/Final_Project.srcs/sources_1/new/system2.v:101]
WARNING: [Synth 8-689] width (4) of port connection 'rounded0' does not match port width (32) of module 'round' [D:/Program_Files/CHULA/Y3TERM1/HW_Lab/HW-SYN-LAB-FINAL-PROJECT-2022/Final_Project/Final_Project.srcs/sources_1/new/system2.v:101]
WARNING: [Synth 8-689] width (4) of port connection 'rounded3' does not match port width (32) of module 'round' [D:/Program_Files/CHULA/Y3TERM1/HW_Lab/HW-SYN-LAB-FINAL-PROJECT-2022/Final_Project/Final_Project.srcs/sources_1/new/system2.v:102]
WARNING: [Synth 8-689] width (4) of port connection 'rounded2' does not match port width (32) of module 'round' [D:/Program_Files/CHULA/Y3TERM1/HW_Lab/HW-SYN-LAB-FINAL-PROJECT-2022/Final_Project/Final_Project.srcs/sources_1/new/system2.v:102]
WARNING: [Synth 8-689] width (4) of port connection 'rounded1' does not match port width (32) of module 'round' [D:/Program_Files/CHULA/Y3TERM1/HW_Lab/HW-SYN-LAB-FINAL-PROJECT-2022/Final_Project/Final_Project.srcs/sources_1/new/system2.v:102]
WARNING: [Synth 8-689] width (4) of port connection 'rounded0' does not match port width (32) of module 'round' [D:/Program_Files/CHULA/Y3TERM1/HW_Lab/HW-SYN-LAB-FINAL-PROJECT-2022/Final_Project/Final_Project.srcs/sources_1/new/system2.v:102]
INFO: [Synth 8-6157] synthesizing module 'quadSevenSeg' [D:/Program_Files/CHULA/Y3TERM1/HW_Lab/HW-SYN-LAB-FINAL-PROJECT-2022/Final_Project/Final_Project.srcs/sources_1/imports/sources_1/imports/new/quadSevenSeg.v:23]
INFO: [Synth 8-6157] synthesizing module 'hexTo7Segment' [D:/Program_Files/CHULA/Y3TERM1/HW_Lab/HW-SYN-LAB-FINAL-PROJECT-2022/Final_Project/Final_Project.srcs/sources_1/imports/sources_1/imports/new/hexTo7Segment.v:23]
INFO: [Synth 8-6155] done synthesizing module 'hexTo7Segment' (0#1) [D:/Program_Files/CHULA/Y3TERM1/HW_Lab/HW-SYN-LAB-FINAL-PROJECT-2022/Final_Project/Final_Project.srcs/sources_1/imports/sources_1/imports/new/hexTo7Segment.v:23]
WARNING: [Synth 8-567] referenced signal 'num0' should be on the sensitivity list [D:/Program_Files/CHULA/Y3TERM1/HW_Lab/HW-SYN-LAB-FINAL-PROJECT-2022/Final_Project/Final_Project.srcs/sources_1/imports/sources_1/imports/new/quadSevenSeg.v:69]
WARNING: [Synth 8-567] referenced signal 'num1' should be on the sensitivity list [D:/Program_Files/CHULA/Y3TERM1/HW_Lab/HW-SYN-LAB-FINAL-PROJECT-2022/Final_Project/Final_Project.srcs/sources_1/imports/sources_1/imports/new/quadSevenSeg.v:69]
WARNING: [Synth 8-567] referenced signal 'num2' should be on the sensitivity list [D:/Program_Files/CHULA/Y3TERM1/HW_Lab/HW-SYN-LAB-FINAL-PROJECT-2022/Final_Project/Final_Project.srcs/sources_1/imports/sources_1/imports/new/quadSevenSeg.v:69]
WARNING: [Synth 8-567] referenced signal 'num3' should be on the sensitivity list [D:/Program_Files/CHULA/Y3TERM1/HW_Lab/HW-SYN-LAB-FINAL-PROJECT-2022/Final_Project/Final_Project.srcs/sources_1/imports/sources_1/imports/new/quadSevenSeg.v:69]
INFO: [Synth 8-6155] done synthesizing module 'quadSevenSeg' (0#1) [D:/Program_Files/CHULA/Y3TERM1/HW_Lab/HW-SYN-LAB-FINAL-PROJECT-2022/Final_Project/Final_Project.srcs/sources_1/imports/sources_1/imports/new/quadSevenSeg.v:23]
INFO: [Synth 8-155] case statement is not full and has no default [D:/Program_Files/CHULA/Y3TERM1/HW_Lab/HW-SYN-LAB-FINAL-PROJECT-2022/Final_Project/Final_Project.srcs/sources_1/new/system2.v:165]
INFO: [Synth 8-6155] done synthesizing module 'system2' (0#1) [D:/Program_Files/CHULA/Y3TERM1/HW_Lab/HW-SYN-LAB-FINAL-PROJECT-2022/Final_Project/Final_Project.srcs/sources_1/new/system2.v:23]
WARNING: [Synth 8-3848] Net data_in in module/entity system2 does not have driver. [D:/Program_Files/CHULA/Y3TERM1/HW_Lab/HW-SYN-LAB-FINAL-PROJECT-2022/Final_Project/Final_Project.srcs/sources_1/new/system2.v:43]
WARNING: [Synth 8-3848] Net wr_en in module/entity system2 does not have driver. [D:/Program_Files/CHULA/Y3TERM1/HW_Lab/HW-SYN-LAB-FINAL-PROJECT-2022/Final_Project/Final_Project.srcs/sources_1/new/system2.v:45]
---------------------------------------------------------------------------------
Finished RTL Elaboration : Time (s): cpu = 00:00:07 ; elapsed = 00:00:07 . Memory (MB): peak = 1293.914 ; gain = 0.000
---------------------------------------------------------------------------------
---------------------------------------------------------------------------------
Start Handling Custom Attributes
---------------------------------------------------------------------------------
---------------------------------------------------------------------------------
Finished Handling Custom Attributes : Time (s): cpu = 00:00:07 ; elapsed = 00:00:07 . Memory (MB): peak = 1293.914 ; gain = 0.000
---------------------------------------------------------------------------------
---------------------------------------------------------------------------------
Finished RTL Optimization Phase 1 : Time (s): cpu = 00:00:07 ; elapsed = 00:00:07 . Memory (MB): peak = 1293.914 ; gain = 0.000
---------------------------------------------------------------------------------
Netlist sorting complete. Time (s): cpu = 00:00:00 ; elapsed = 00:00:00.016 . Memory (MB): peak = 1293.914 ; gain = 0.000
INFO: [Project 1-570] Preparing netlist for logic optimization

Processing XDC Constraints
Initializing timing engine
Parsing XDC File [D:/Program_Files/CHULA/Y3TERM1/HW_Lab/HW-SYN-LAB-FINAL-PROJECT-2022/Final_Project/Final_Project.srcs/constrs_1/imports/constrs_1/Basys3_Master.xdc]
Finished Parsing XDC File [D:/Program_Files/CHULA/Y3TERM1/HW_Lab/HW-SYN-LAB-FINAL-PROJECT-2022/Final_Project/Final_Project.srcs/constrs_1/imports/constrs_1/Basys3_Master.xdc]
INFO: [Project 1-236] Implementation specific constraints were found while reading constraint file [D:/Program_Files/CHULA/Y3TERM1/HW_Lab/HW-SYN-LAB-FINAL-PROJECT-2022/Final_Project/Final_Project.srcs/constrs_1/imports/constrs_1/Basys3_Master.xdc]. These constraints will be ignored for synthesis but will be used in implementation. Impacted constraints are listed in the file [.Xil/system2_propImpl.xdc].
Resolution: To avoid this warning, move constraints listed in [.Xil/system2_propImpl.xdc] to another XDC file and exclude this new file from synthesis with the used_in_synthesis property (File Properties dialog in GUI) and re-run elaboration/synthesis.
Completed Processing XDC Constraints

Netlist sorting complete. Time (s): cpu = 00:00:00 ; elapsed = 00:00:00 . Memory (MB): peak = 1321.629 ; gain = 0.000
INFO: [Project 1-111] Unisim Transformation Summary:
No Unisim elements were transformed.

Constraint Validation Runtime : Time (s): cpu = 00:00:00 ; elapsed = 00:00:00.004 . Memory (MB): peak = 1321.629 ; gain = 0.000
---------------------------------------------------------------------------------
Finished Constraint Validation : Time (s): cpu = 00:00:15 ; elapsed = 00:00:15 . Memory (MB): peak = 1321.629 ; gain = 27.715
---------------------------------------------------------------------------------
---------------------------------------------------------------------------------
Start Loading Part and Timing Information
---------------------------------------------------------------------------------
Loading part: xc7a35tcpg236-1
---------------------------------------------------------------------------------
Finished Loading Part and Timing Information : Time (s): cpu = 00:00:15 ; elapsed = 00:00:15 . Memory (MB): peak = 1321.629 ; gain = 27.715
---------------------------------------------------------------------------------
---------------------------------------------------------------------------------
Start Applying 'set_property' XDC Constraints
---------------------------------------------------------------------------------
---------------------------------------------------------------------------------
Finished applying 'set_property' XDC Constraints : Time (s): cpu = 00:00:15 ; elapsed = 00:00:15 . Memory (MB): peak = 1321.629 ; gain = 27.715
---------------------------------------------------------------------------------
WARNING: [Synth 8-327] inferring latch for variable 'i_reg' [D:/Program_Files/CHULA/Y3TERM1/HW_Lab/HW-SYN-LAB-FINAL-PROJECT-2022/Final_Project/Final_Project.srcs/sources_1/new/strToInt.v:44]
WARNING: [Synth 8-327] inferring latch for variable 'S_reg' [D:/Program_Files/CHULA/Y3TERM1/HW_Lab/HW-SYN-LAB-FINAL-PROJECT-2022/Final_Project/Final_Project.srcs/sources_1/new/intCalculator.v:59]
---------------------------------------------------------------------------------
Finished RTL Optimization Phase 2 : Time (s): cpu = 00:00:15 ; elapsed = 00:00:16 . Memory (MB): peak = 1321.629 ; gain = 27.715
---------------------------------------------------------------------------------
INFO: [Synth 8-223] decloning instance 'genblk1[10].fdiv' (clockDiv) to 'fdivTarget'
---------------------------------------------------------------------------------
Start RTL Component Statistics 
---------------------------------------------------------------------------------
Detailed RTL Component Info : 
+---Adders : 
	   3 Input   32 Bit       Adders := 1     
	   2 Input   32 Bit       Adders := 5     
	   2 Input   10 Bit       Adders := 2     
	   2 Input    8 Bit       Adders := 4     
	   2 Input    2 Bit       Adders := 1     
+---Registers : 
	               32 Bit    Registers := 4     
	               10 Bit    Registers := 1     
	                8 Bit    Registers := 6     
	                4 Bit    Registers := 4     
	                3 Bit    Registers := 2     
	                2 Bit    Registers := 1     
	                1 Bit    Registers := 38    
+---Multipliers : 
	              32x32  Multipliers := 1     
+---Muxes : 
	   7 Input   32 Bit        Muxes := 1     
	   2 Input   32 Bit        Muxes := 25    
	   3 Input   32 Bit        Muxes := 1     
	  10 Input    8 Bit        Muxes := 1     
	   6 Input    8 Bit        Muxes := 1     
	   2 Input    8 Bit        Muxes := 7     
	   3 Input    8 Bit        Muxes := 1     
	   4 Input    4 Bit        Muxes := 2     
	   6 Input    4 Bit        Muxes := 4     
	   2 Input    4 Bit        Muxes := 12    
	   2 Input    3 Bit        Muxes := 9     
	  12 Input    3 Bit        Muxes := 1     
	   2 Input    1 Bit        Muxes := 30    
	  10 Input    1 Bit        Muxes := 2     
	   4 Input    1 Bit        Muxes := 2     
	  11 Input    1 Bit        Muxes := 8     
	   7 Input    1 Bit        Muxes := 1     
	   6 Input    1 Bit        Muxes := 10    
	   5 Input    1 Bit        Muxes := 1     
---------------------------------------------------------------------------------
Finished RTL Component Statistics 
---------------------------------------------------------------------------------
---------------------------------------------------------------------------------
Start Part Resource Summary
---------------------------------------------------------------------------------
Part Resources:
DSPs: 90 (col length:60)
BRAMs: 100 (col length: RAMB18 60 RAMB36 30)
---------------------------------------------------------------------------------
Finished Part Resource Summary
---------------------------------------------------------------------------------
---------------------------------------------------------------------------------
Start Cross Boundary and Area Optimization
---------------------------------------------------------------------------------
WARNING: [Synth 8-7080] Parallel synthesis criteria is not met
DSP Report: Generating DSP S0, operation Mode is: A*B.
DSP Report: operator S0 is absorbed into DSP S0.
DSP Report: operator S0 is absorbed into DSP S0.
DSP Report: Generating DSP S0, operation Mode is: (PCIN>>17)+A*B.
DSP Report: operator S0 is absorbed into DSP S0.
DSP Report: operator S0 is absorbed into DSP S0.
DSP Report: Generating DSP S0, operation Mode is: A*B.
DSP Report: operator S0 is absorbed into DSP S0.
DSP Report: operator S0 is absorbed into DSP S0.
DSP Report: Generating DSP S0, operation Mode is: (PCIN>>17)+A*B.
DSP Report: operator S0 is absorbed into DSP S0.
DSP Report: operator S0 is absorbed into DSP S0.
---------------------------------------------------------------------------------
Finished Cross Boundary and Area Optimization : Time (s): cpu = 00:00:31 ; elapsed = 00:00:31 . Memory (MB): peak = 1321.629 ; gain = 27.715
---------------------------------------------------------------------------------
---------------------------------------------------------------------------------
Start ROM, RAM, DSP, Shift Register and Retiming Reporting
---------------------------------------------------------------------------------

DSP: Preliminary Mapping Report (see note below. The ' indicates corresponding REG is set)
+------------+----------------+--------+--------+--------+--------+--------+------+------+------+------+-------+------+------+
|Module Name | DSP Mapping    | A Size | B Size | C Size | D Size | P Size | AREG | BREG | CREG | DREG | ADREG | MREG | PREG | 
+------------+----------------+--------+--------+--------+--------+--------+------+------+------+------+-------+------+------+
|alu         | A*B            | 18     | 15     | -      | -      | 48     | 0    | 0    | -    | -    | -     | 0    | 0    | 
|alu         | (PCIN>>17)+A*B | 15     | 15     | -      | -      | 48     | 0    | 0    | -    | -    | -     | 0    | 0    | 
|alu         | A*B            | 18     | 18     | -      | -      | 48     | 0    | 0    | -    | -    | -     | 0    | 0    | 
|alu         | (PCIN>>17)+A*B | 18     | 15     | -      | -      | 48     | 0    | 0    | -    | -    | -     | 0    | 0    | 
+------------+----------------+--------+--------+--------+--------+--------+------+------+------+------+-------+------+------+

Note: The table above is a preliminary report that shows the DSPs inferred at the current stage of the synthesis flow. Some DSP may be reimplemented as non DSP primitives later in the synthesis flow. Multiple instantiated DSPs are reported only once.
---------------------------------------------------------------------------------
Finished ROM, RAM, DSP, Shift Register and Retiming Reporting
---------------------------------------------------------------------------------
---------------------------------------------------------------------------------
Start Applying XDC Timing Constraints
---------------------------------------------------------------------------------
---------------------------------------------------------------------------------
Finished Applying XDC Timing Constraints : Time (s): cpu = 00:00:40 ; elapsed = 00:00:41 . Memory (MB): peak = 1321.629 ; gain = 27.715
---------------------------------------------------------------------------------
---------------------------------------------------------------------------------
Start Timing Optimization
---------------------------------------------------------------------------------
---------------------------------------------------------------------------------
Finished Timing Optimization : Time (s): cpu = 00:00:40 ; elapsed = 00:00:41 . Memory (MB): peak = 1335.098 ; gain = 41.184
---------------------------------------------------------------------------------
---------------------------------------------------------------------------------
Start Technology Mapping
---------------------------------------------------------------------------------
---------------------------------------------------------------------------------
Finished Technology Mapping : Time (s): cpu = 00:00:42 ; elapsed = 00:00:42 . Memory (MB): peak = 1351.086 ; gain = 57.172
---------------------------------------------------------------------------------
---------------------------------------------------------------------------------
Start IO Insertion
---------------------------------------------------------------------------------
---------------------------------------------------------------------------------
Start Flattening Before IO Insertion
---------------------------------------------------------------------------------
---------------------------------------------------------------------------------
Finished Flattening Before IO Insertion
---------------------------------------------------------------------------------
---------------------------------------------------------------------------------
Start Final Netlist Cleanup
---------------------------------------------------------------------------------
---------------------------------------------------------------------------------
Finished Final Netlist Cleanup
---------------------------------------------------------------------------------
---------------------------------------------------------------------------------
Finished IO Insertion : Time (s): cpu = 00:00:46 ; elapsed = 00:00:47 . Memory (MB): peak = 1364.922 ; gain = 71.008
---------------------------------------------------------------------------------
---------------------------------------------------------------------------------
Start Renaming Generated Instances
---------------------------------------------------------------------------------
---------------------------------------------------------------------------------
Finished Renaming Generated Instances : Time (s): cpu = 00:00:46 ; elapsed = 00:00:47 . Memory (MB): peak = 1364.922 ; gain = 71.008
---------------------------------------------------------------------------------
---------------------------------------------------------------------------------
Start Rebuilding User Hierarchy
---------------------------------------------------------------------------------
---------------------------------------------------------------------------------
Finished Rebuilding User Hierarchy : Time (s): cpu = 00:00:47 ; elapsed = 00:00:48 . Memory (MB): peak = 1364.922 ; gain = 71.008
---------------------------------------------------------------------------------
---------------------------------------------------------------------------------
Start Renaming Generated Ports
---------------------------------------------------------------------------------
---------------------------------------------------------------------------------
Finished Renaming Generated Ports : Time (s): cpu = 00:00:47 ; elapsed = 00:00:48 . Memory (MB): peak = 1364.922 ; gain = 71.008
---------------------------------------------------------------------------------
---------------------------------------------------------------------------------
Start Handling Custom Attributes
---------------------------------------------------------------------------------
---------------------------------------------------------------------------------
Finished Handling Custom Attributes : Time (s): cpu = 00:00:47 ; elapsed = 00:00:48 . Memory (MB): peak = 1364.922 ; gain = 71.008
---------------------------------------------------------------------------------
---------------------------------------------------------------------------------
Start Renaming Generated Nets
---------------------------------------------------------------------------------
---------------------------------------------------------------------------------
Finished Renaming Generated Nets : Time (s): cpu = 00:00:47 ; elapsed = 00:00:48 . Memory (MB): peak = 1364.922 ; gain = 71.008
---------------------------------------------------------------------------------
---------------------------------------------------------------------------------
Start Writing Synthesis Report
---------------------------------------------------------------------------------

DSP Final Report (the ' indicates corresponding REG is set)
+------------+---------------+--------+--------+--------+--------+--------+------+------+------+------+-------+------+------+
|Module Name | DSP Mapping   | A Size | B Size | C Size | D Size | P Size | AREG | BREG | CREG | DREG | ADREG | MREG | PREG | 
+------------+---------------+--------+--------+--------+--------+--------+------+------+------+------+-------+------+------+
|alu         | A*B'          | 16     | 18     | -      | -      | 48     | 0    | 1    | -    | -    | -     | 0    | 0    | 
|alu         | A'*B          | 17     | 16     | -      | -      | 48     | 1    | 0    | -    | -    | -     | 0    | 0    | 
|alu         | PCIN>>17+A'*B | 17     | 0      | -      | -      | 48     | 1    | 0    | -    | -    | -     | 0    | 0    | 
+------------+---------------+--------+--------+--------+--------+--------+------+------+------+------+-------+------+------+


Report BlackBoxes: 
+-+--------------+----------+
| |BlackBox name |Instances |
+-+--------------+----------+
+-+--------------+----------+

Report Cell Usage: 
+------+--------+------+
|      |Cell    |Count |
+------+--------+------+
|1     |BUFG    |     3|
|2     |CARRY4  |   714|
|3     |DSP48E1 |     3|
|5     |LUT1    |   225|
|6     |LUT2    |   751|
|7     |LUT3    |  1150|
|8     |LUT4    |   464|
|9     |LUT5    |   450|
|10    |LUT6    |   961|
|11    |FDRE    |   199|
|12    |FDSE    |     6|
|13    |LD      |    64|
|14    |IBUF    |     3|
|15    |OBUF    |    19|
+------+--------+------+
---------------------------------------------------------------------------------
Finished Writing Synthesis Report : Time (s): cpu = 00:00:47 ; elapsed = 00:00:48 . Memory (MB): peak = 1364.922 ; gain = 71.008
---------------------------------------------------------------------------------
Synthesis finished with 0 errors, 0 critical warnings and 3 warnings.
Synthesis Optimization Runtime : Time (s): cpu = 00:00:38 ; elapsed = 00:00:46 . Memory (MB): peak = 1364.922 ; gain = 43.293
Synthesis Optimization Complete : Time (s): cpu = 00:00:47 ; elapsed = 00:00:48 . Memory (MB): peak = 1364.922 ; gain = 71.008
INFO: [Project 1-571] Translating synthesized netlist
Netlist sorting complete. Time (s): cpu = 00:00:00 ; elapsed = 00:00:00.059 . Memory (MB): peak = 1376.984 ; gain = 0.000
INFO: [Netlist 29-17] Analyzing 781 Unisim elements for replacement
INFO: [Netlist 29-28] Unisim Transformation completed in 0 CPU seconds
INFO: [Project 1-570] Preparing netlist for logic optimization
INFO: [Opt 31-138] Pushed 0 inverter(s) to 0 load pin(s).
Netlist sorting complete. Time (s): cpu = 00:00:00 ; elapsed = 00:00:00.001 . Memory (MB): peak = 1380.645 ; gain = 0.000
INFO: [Project 1-111] Unisim Transformation Summary:
  A total of 64 instances were transformed.
  LD => LDCE: 64 instances

Synth Design complete, checksum: 2a30110
INFO: [Common 17-83] Releasing license: Synthesis
47 Infos, 29 Warnings, 0 Critical Warnings and 0 Errors encountered.
synth_design completed successfully
synth_design: Time (s): cpu = 00:00:52 ; elapsed = 00:00:53 . Memory (MB): peak = 1380.645 ; gain = 86.730
INFO: [Common 17-1381] The checkpoint 'D:/Program_Files/CHULA/Y3TERM1/HW_Lab/HW-SYN-LAB-FINAL-PROJECT-2022/Final_Project/Final_Project.runs/synth_1/system2.dcp' has been generated.
INFO: [runtcl-4] Executing : report_utilization -file system2_utilization_synth.rpt -pb system2_utilization_synth.pb
INFO: [Common 17-206] Exiting Vivado at Wed Dec 14 11:28:38 2022...
